<?xml version="1.0" encoding="UTF-8"?>
<!-- Generated by org.testng.reporters.JUnitXMLReporter -->
<testsuite ignored="0" hostname="ashutosh" failures="0" tests="1" name="Test-Runner-edge" time="39.605" errors="0" timestamp="2023-10-18T22:16:24 IST">
  <testcase classname="ContactsTests.CreateContact" name="createContact" time="20.544"/>
</testsuite> <!-- Test-Runner-edge -->
