<?xml version="1.0" encoding="UTF-8"?>
<!-- Generated by org.testng.reporters.JUnitXMLReporter -->
<testsuite ignored="0" hostname="ashutosh" failures="0" tests="1" name="Test-Ruuner1" time="39.173" errors="0" timestamp="2023-10-18T17:06:40 IST">
  <testcase classname="ContactsTests.CreateContactsWithOrganizationTest" name="createContactWithOrgTest" time="28.29"/>
</testsuite> <!-- Test-Ruuner1 -->
