<?xml version="1.0" encoding="UTF-8"?>
<!-- Generated by org.testng.reporters.JUnitXMLReporter -->
<testsuite ignored="0" hostname="ashutosh" failures="0" tests="1" name="Test-Runner2" time="26.036" errors="0" timestamp="2023-10-18T17:06:27 IST">
  <testcase classname="ContactsTests.CreateContact" name="createContact" time="14.48"/>
</testsuite> <!-- Test-Runner2 -->
