<?xml version="1.0" encoding="UTF-8"?>
<!-- Generated by org.testng.reporters.JUnitReportReporter -->
<testsuite hostname="ashutosh" failures="0" tests="5" name="organizationsTest.CreateMultipleOrgWithIndustry" time="65.032" errors="0" timestamp="2023-10-09T12:32:31 IST" skipped="0">
  <testcase classname="organizationsTest.CreateMultipleOrgWithIndustry" name="CreateMultipleOrg" time="13.635"/>
  <testcase classname="organizationsTest.CreateMultipleOrgWithIndustry" name="CreateMultipleOrg" time="12.746"/>
  <testcase classname="organizationsTest.CreateMultipleOrgWithIndustry" name="CreateMultipleOrg" time="13.134"/>
  <testcase classname="organizationsTest.CreateMultipleOrgWithIndustry" name="CreateMultipleOrg" time="12.745"/>
  <testcase classname="organizationsTest.CreateMultipleOrgWithIndustry" name="CreateMultipleOrg" time="12.772"/>
</testsuite> <!-- organizationsTest.CreateMultipleOrgWithIndustry -->
