<?xml version="1.0" encoding="UTF-8"?>
<!-- Generated by org.testng.reporters.JUnitReportReporter -->
<testsuite hostname="ashutosh" failures="0" tests="1" name="organizationsTest.CreateOrganization" time="18.516" errors="0" timestamp="2023-10-20T11:40:14 IST" skipped="0">
  <testcase classname="organizationsTest.CreateOrganization" name="createOrg" time="18.516"/>
  <system-out>
    <![CDATA[clicked on contact link
create on lookup image
create contacts successfully
Header captured]]>
  </system-out>
</testsuite> <!-- organizationsTest.CreateOrganization -->
