<?xml version="1.0" encoding="UTF-8"?>
<!-- Generated by org.testng.reporters.JUnitReportReporter -->
<testsuite hostname="ashutosh" failures="0" tests="1" name="com.CRM.tiger.practice.ReadDataFromCommanLine" time="0.032" errors="0" timestamp="2023-10-27T10:08:07 IST" skipped="0">
  <testcase classname="com.CRM.tiger.practice.ReadDataFromCommanLine" name="Read" time="0.032"/>
</testsuite> <!-- com.CRM.tiger.practice.ReadDataFromCommanLine -->
